# JRE version: Java(TM) SE Runtime Environment (8.0_441) (build 1.8.0_441-b07)
# Java VM: Java HotSpot(TM) 64-Bit Server VM (25.441-b07 mixed mode windows-amd64 compressed oops)
Heap:
 PSYoungGen      total 70656K, used 16236K [0x00000000eb500000, 0x00000000f2380000, 0x0000000100000000)
  eden space 53760K, 1% used [0x00000000eb500000,0x00000000eb5b2fc8,0x00000000ee980000)
  from space 16896K, 91% used [0x00000000f1300000,0x00000000f2228388,0x00000000f2380000)
  to   space 29696K, 0% used [0x00000000ee980000,0x00000000ee980000,0x00000000f0680000)
 ParOldGen       total 97792K, used 48341K [0x00000000c1e00000, 0x00000000c7d80000, 0x00000000eb500000)
  object space 97792K, 49% used [0x00000000c1e00000,0x00000000c4d35400,0x00000000c7d80000)
 Metaspace       used 17929K, capacity 18850K, committed 18944K, reserved 1064960K
  class space    used 2517K, capacity 2747K, committed 2816K, reserved 1048576K
GC Heap History (10 events):
Event: 2.886 GC heap before
{Heap before GC invocations=3 (full 0):
 PSYoungGen      total 18944K, used 17310K [0x00000000eb500000, 0x00000000eda00000, 0x0000000100000000)
  eden space 16384K, 90% used [0x00000000eb500000,0x00000000ec36ba00,0x00000000ec500000)
  from space 2560K, 99% used [0x00000000ec780000,0x00000000ec9fc030,0x00000000eca00000)
  to   space 2560K, 0% used [0x00000000ec500000,0x00000000ec500000,0x00000000ec780000)
 ParOldGen       total 44032K, used 8333K [0x00000000c1e00000, 0x00000000c4900000, 0x00000000eb500000)
  object space 44032K, 18% used [0x00000000c1e00000,0x00000000c2623740,0x00000000c4900000)
 Metaspace       used 14225K, capacity 14872K, committed 14976K, reserved 1062912K
  class space    used 1986K, capacity 2168K, committed 2176K, reserved 1048576K
Event: 2.890 GC heap after
Heap after GC invocations=3 (full 0):
 PSYoungGen      total 18944K, used 2544K [0x00000000eb500000, 0x00000000eda00000, 0x0000000100000000)
  eden space 16384K, 0% used [0x00000000eb500000,0x00000000eb500000,0x00000000ec500000)
  from space 2560K, 99% used [0x00000000ec500000,0x00000000ec77c030,0x00000000ec780000)
  to   space 2560K, 0% used [0x00000000ed780000,0x00000000ed780000,0x00000000eda00000)
 ParOldGen       total 44032K, used 12463K [0x00000000c1e00000, 0x00000000c4900000, 0x00000000eb500000)
  object space 44032K, 28% used [0x00000000c1e00000,0x00000000c2a2bfc8,0x00000000c4900000)
 Metaspace       used 14225K, capacity 14872K, committed 14976K, reserved 1062912K
  class space    used 1986K, capacity 2168K, committed 2176K, reserved 1048576K
}
Event: 3.599 GC heap before
{Heap before GC invocations=4 (full 0):
 PSYoungGen      total 18944K, used 18119K [0x00000000eb500000, 0x00000000eda00000, 0x0000000100000000)
  eden space 16384K, 95% used [0x00000000eb500000,0x00000000ec435d70,0x00000000ec500000)
  from space 2560K, 99% used [0x00000000ec500000,0x00000000ec77c030,0x00000000ec780000)
  to   space 2560K, 0% used [0x00000000ed780000,0x00000000ed780000,0x00000000eda00000)
 ParOldGen       total 44032K, used 12463K [0x00000000c1e00000, 0x00000000c4900000, 0x00000000eb500000)
  object space 44032K, 28% used [0x00000000c1e00000,0x00000000c2a2bfc8,0x00000000c4900000)
 Metaspace       used 15242K, capacity 15862K, committed 16000K, reserved 1062912K
  class space    used 2125K, capacity 2319K, committed 2432K, reserved 1048576K
Event: 3.612 GC heap after
Heap after GC invocations=4 (full 0):
 PSYoungGen      total 35328K, used 2528K [0x00000000eb500000, 0x00000000eda00000, 0x0000000100000000)
  eden space 32768K, 0% used [0x00000000eb500000,0x00000000eb500000,0x00000000ed500000)
  from space 2560K, 98% used [0x00000000ed780000,0x00000000ed9f8040,0x00000000eda00000)
  to   space 2560K, 0% used [0x00000000ed500000,0x00000000ed500000,0x00000000ed780000)
 ParOldGen       total 44032K, used 25931K [0x00000000c1e00000, 0x00000000c4900000, 0x00000000eb500000)
  object space 44032K, 58% used [0x00000000c1e00000,0x00000000c3752cb8,0x00000000c4900000)
 Metaspace       used 15242K, capacity 15862K, committed 16000K, reserved 1062912K
  class space    used 2125K, capacity 2319K, committed 2432K, reserved 1048576K
}
Event: 7.726 GC heap before
{Heap before GC invocations=5 (full 0):
 PSYoungGen      total 35328K, used 34440K [0x00000000eb500000, 0x00000000eda00000, 0x0000000100000000)
  eden space 32768K, 97% used [0x00000000eb500000,0x00000000ed42a0a8,0x00000000ed500000)
  from space 2560K, 98% used [0x00000000ed780000,0x00000000ed9f8040,0x00000000eda00000)
  to   space 2560K, 0% used [0x00000000ed500000,0x00000000ed500000,0x00000000ed780000)
 ParOldGen       total 44032K, used 25931K [0x00000000c1e00000, 0x00000000c4900000, 0x00000000eb500000)
  object space 44032K, 58% used [0x00000000c1e00000,0x00000000c3752cb8,0x00000000c4900000)
 Metaspace       used 15872K, capacity 16494K, committed 16768K, reserved 1062912K
  class space    used 2173K, capacity 2371K, committed 2432K, reserved 1048576K
Event: 7.740 GC heap after
Heap after GC invocations=5 (full 0):
 PSYoungGen      total 35328K, used 2528K [0x00000000eb500000, 0x00000000f3100000, 0x0000000100000000)
  eden space 32768K, 0% used [0x00000000eb500000,0x00000000eb500000,0x00000000ed500000)
  from space 2560K, 98% used [0x00000000ed500000,0x00000000ed778020,0x00000000ed780000)
  to   space 30720K, 0% used [0x00000000f1300000,0x00000000f1300000,0x00000000f3100000)
 ParOldGen       total 54784K, used 53845K [0x00000000c1e00000, 0x00000000c5380000, 0x00000000eb500000)
  object space 54784K, 98% used [0x00000000c1e00000,0x00000000c52956f8,0x00000000c5380000)
 Metaspace       used 15872K, capacity 16494K, committed 16768K, reserved 1062912K
  class space    used 2173K, capacity 2371K, committed 2432K, reserved 1048576K
}
Event: 7.740 GC heap before
{Heap before GC invocations=6 (full 1):
 PSYoungGen      total 35328K, used 2528K [0x00000000eb500000, 0x00000000f3100000, 0x0000000100000000)
  eden space 32768K, 0% used [0x00000000eb500000,0x00000000eb500000,0x00000000ed500000)
  from space 2560K, 98% used [0x00000000ed500000,0x00000000ed778020,0x00000000ed780000)
  to   space 30720K, 0% used [0x00000000f1300000,0x00000000f1300000,0x00000000f3100000)
 ParOldGen       total 54784K, used 53845K [0x00000000c1e00000, 0x00000000c5380000, 0x00000000eb500000)
  object space 54784K, 98% used [0x00000000c1e00000,0x00000000c52956f8,0x00000000c5380000)
 Metaspace       used 15872K, capacity 16494K, committed 16768K, reserved 1062912K
  class space    used 2173K, capacity 2371K, committed 2432K, reserved 1048576K
Event: 7.777 GC heap after
Heap after GC invocations=6 (full 1):
 PSYoungGen      total 35328K, used 0K [0x00000000eb500000, 0x00000000f3100000, 0x0000000100000000)
  eden space 32768K, 0% used [0x00000000eb500000,0x00000000eb500000,0x00000000ed500000)
  from space 2560K, 0% used [0x00000000ed500000,0x00000000ed500000,0x00000000ed780000)
  to   space 30720K, 0% used [0x00000000f1300000,0x00000000f1300000,0x00000000f3100000)
 ParOldGen       total 97792K, used 48333K [0x00000000c1e00000, 0x00000000c7d80000, 0x00000000eb500000)
  object space 97792K, 49% used [0x00000000c1e00000,0x00000000c4d33400,0x00000000c7d80000)
 Metaspace       used 15872K, capacity 16494K, committed 16768K, reserved 1062912K
  class space    used 2173K, capacity 2371K, committed 2432K, reserved 1048576K
}
Event: 21.581 GC heap before
{Heap before GC invocations=7 (full 1):
 PSYoungGen      total 35328K, used 32768K [0x00000000eb500000, 0x00000000f3100000, 0x0000000100000000)
  eden space 32768K, 100% used [0x00000000eb500000,0x00000000ed500000,0x00000000ed500000)
  from space 2560K, 0% used [0x00000000ed500000,0x00000000ed500000,0x00000000ed780000)
  to   space 30720K, 0% used [0x00000000f1300000,0x00000000f1300000,0x00000000f3100000)
 ParOldGen       total 97792K, used 48333K [0x00000000c1e00000, 0x00000000c7d80000, 0x00000000eb500000)
  object space 97792K, 49% used [0x00000000c1e00000,0x00000000c4d33400,0x00000000c7d80000)
 Metaspace       used 17921K, capacity 18832K, committed 18944K, reserved 1064960K
  class space    used 2516K, capacity 2744K, committed 2816K, reserved 1048576K
Event: 21.589 GC heap after
Heap after GC invocations=7 (full 1):
 PSYoungGen      total 70656K, used 15520K [0x00000000eb500000, 0x00000000f2380000, 0x0000000100000000)
  eden space 53760K, 0% used [0x00000000eb500000,0x00000000eb500000,0x00000000ee980000)
  from space 16896K, 91% used [0x00000000f1300000,0x00000000f2228388,0x00000000f2380000)
  to   space 29696K, 0% used [0x00000000ee980000,0x00000000ee980000,0x00000000f0680000)
 ParOldGen       total 97792K, used 48341K [0x00000000c1e00000, 0x00000000c7d80000, 0x00000000eb500000)
  object space 97792K, 49% used [0x00000000c1e00000,0x00000000c4d35400,0x00000000c7d80000)
 Metaspace       used 17921K, capacity 18832K, committed 18944K, reserved 1064960K
  class space    used 2516K, capacity 2744K, committed 2816K, reserved 1048576K
}

